Library/Bee/Android/Prj/IL2CPP/Gradle/unityLibrary/build/intermediates/manifest_merge_blame_file/release/manifest-merger-blame-release-report.txt
1<?xml version="1.0" encoding="utf-8"?>
2<manifest xmlns:android="http://schemas.android.com/apk/res/android"
3    xmlns:tools="http://schemas.android.com/tools"
4    package="com.unity3d.player" >
5
6    <uses-sdk android:minSdkVersion="29" />
6-->src\main\AndroidManifest.xml
7
8    <uses-permission android:name="android.permission.INTERNET" />
8-->src\main\AndroidManifest.xml:3:3-65
8-->src\main\AndroidManifest.xml:3:20-62
9    <uses-permission android:name="android.permission.ACCESS_NETWORK_STATE" />
9-->src\main\AndroidManifest.xml:4:3-77
9-->src\main\AndroidManifest.xml:4:20-74
10
11    <uses-feature android:glEsVersion="0x00030000" />
11-->src\main\AndroidManifest.xml:22:3-52
11-->src\main\AndroidManifest.xml:22:17-49
12
13    <uses-permission android:name="android.permission.CAMERA" />
13-->src\main\AndroidManifest.xml:23:3-63
13-->src\main\AndroidManifest.xml:23:20-60
14
15    <uses-feature
15-->src\main\AndroidManifest.xml:24:3-83
16        android:name="android.hardware.camera"
16-->src\main\AndroidManifest.xml:24:17-55
17        android:required="false" />
17-->src\main\AndroidManifest.xml:24:56-80
18    <uses-feature
18-->src\main\AndroidManifest.xml:25:3-93
19        android:name="android.hardware.camera.autofocus"
19-->src\main\AndroidManifest.xml:25:17-65
20        android:required="false" />
20-->src\main\AndroidManifest.xml:25:66-90
21    <uses-feature
21-->src\main\AndroidManifest.xml:26:3-89
22        android:name="android.hardware.camera.front"
22-->src\main\AndroidManifest.xml:26:17-61
23        android:required="false" />
23-->src\main\AndroidManifest.xml:26:62-86
24    <uses-feature
24-->src\main\AndroidManifest.xml:27:3-88
25        android:name="android.hardware.touchscreen"
25-->src\main\AndroidManifest.xml:27:17-60
26        android:required="false" />
26-->src\main\AndroidManifest.xml:27:61-85
27    <uses-feature
27-->src\main\AndroidManifest.xml:28:3-99
28        android:name="android.hardware.touchscreen.multitouch"
28-->src\main\AndroidManifest.xml:28:17-71
29        android:required="false" />
29-->src\main\AndroidManifest.xml:28:72-96
30    <uses-feature
30-->src\main\AndroidManifest.xml:29:3-108
31        android:name="android.hardware.touchscreen.multitouch.distinct"
31-->src\main\AndroidManifest.xml:29:17-80
32        android:required="false" />
32-->src\main\AndroidManifest.xml:29:81-105
33    <uses-feature
33-->src\main\AndroidManifest.xml:30:3-85
34        android:name="android.hardware.camera.ar"
34-->src\main\AndroidManifest.xml:30:17-58
35        android:required="true" />
35-->src\main\AndroidManifest.xml:30:59-82
36    <uses-feature
36-->src\main\AndroidManifest.xml:31:3-83
37        android:name="com.google.ar.core.depth"
37-->src\main\AndroidManifest.xml:31:17-56
38        android:required="true" />
38-->src\main\AndroidManifest.xml:31:57-80
39
40    <application android:extractNativeLibs="true" >
40-->src\main\AndroidManifest.xml:5:3-21:17
40-->src\main\AndroidManifest.xml:5:16-48
41        <activity
41-->src\main\AndroidManifest.xml:6:5-13:16
42            android:name="com.unity3d.player.UnityPlayerActivity"
42-->src\main\AndroidManifest.xml:6:15-68
43            android:configChanges="mcc|mnc|locale|touchscreen|keyboard|keyboardHidden|navigation|orientation|screenLayout|uiMode|screenSize|smallestScreenSize|fontScale|layoutDirection|density"
43-->src\main\AndroidManifest.xml:6:180-361
44            android:exported="true"
44-->src\main\AndroidManifest.xml:6:433-456
45            android:hardwareAccelerated="false"
45-->src\main\AndroidManifest.xml:6:397-432
46            android:launchMode="singleTask"
46-->src\main\AndroidManifest.xml:6:148-179
47            android:resizeableActivity="false"
47-->src\main\AndroidManifest.xml:6:362-396
48            android:screenOrientation="fullUser"
48-->src\main\AndroidManifest.xml:6:111-147
49            android:theme="@style/UnityThemeSelector" >
49-->src\main\AndroidManifest.xml:6:69-110
50            <intent-filter>
50-->src\main\AndroidManifest.xml:7:7-10:23
51                <action android:name="android.intent.action.MAIN" />
51-->src\main\AndroidManifest.xml:8:9-61
51-->src\main\AndroidManifest.xml:8:17-58
52
53                <category android:name="android.intent.category.LAUNCHER" />
53-->src\main\AndroidManifest.xml:9:9-69
53-->src\main\AndroidManifest.xml:9:19-66
54            </intent-filter>
55
56            <meta-data
56-->src\main\AndroidManifest.xml:11:7-82
57                android:name="unityplayer.UnityActivity"
57-->src\main\AndroidManifest.xml:11:18-58
58                android:value="true" />
58-->src\main\AndroidManifest.xml:11:59-79
59            <meta-data
59-->src\main\AndroidManifest.xml:12:7-78
60                android:name="android.notch_support"
60-->src\main\AndroidManifest.xml:12:18-54
61                android:value="true" />
61-->src\main\AndroidManifest.xml:12:55-75
62        </activity>
63
64        <meta-data
64-->src\main\AndroidManifest.xml:14:5-69
65            android:name="unity.splash-mode"
65-->src\main\AndroidManifest.xml:14:16-48
66            android:value="0" />
66-->src\main\AndroidManifest.xml:14:49-66
67        <meta-data
67-->src\main\AndroidManifest.xml:15:5-74
68            android:name="unity.splash-enable"
68-->src\main\AndroidManifest.xml:15:16-50
69            android:value="True" />
69-->src\main\AndroidManifest.xml:15:51-71
70        <meta-data
70-->src\main\AndroidManifest.xml:16:5-78
71            android:name="unity.launch-fullscreen"
71-->src\main\AndroidManifest.xml:16:16-54
72            android:value="True" />
72-->src\main\AndroidManifest.xml:16:55-75
73        <meta-data
73-->src\main\AndroidManifest.xml:17:5-81
74            android:name="notch.config"
74-->src\main\AndroidManifest.xml:17:16-43
75            android:value="portrait|landscape" />
75-->src\main\AndroidManifest.xml:17:44-78
76        <meta-data
76-->src\main\AndroidManifest.xml:18:5-84
77            android:name="unity.auto-report-fully-drawn"
77-->src\main\AndroidManifest.xml:18:16-60
78            android:value="true" />
78-->src\main\AndroidManifest.xml:18:61-81
79        <meta-data
79-->src\main\AndroidManifest.xml:19:5-88
80            android:name="unityplayer.SkipPermissionsDialog"
80-->src\main\AndroidManifest.xml:19:16-64
81            android:value="true" />
81-->src\main\AndroidManifest.xml:19:65-85
82        <meta-data
82-->src\main\AndroidManifest.xml:20:5-77
83            android:name="com.google.ar.core"
83-->src\main\AndroidManifest.xml:20:16-49
84            android:value="optional" />
84-->src\main\AndroidManifest.xml:20:50-74
85    </application>
86
87</manifest>